<?xml version="1.0" encoding="UTF-8"?>
<testsuite xmlns:xsi="http://www.w3.org/2001/XMLSchema-instance" xsi:noNamespaceSchemaLocation="https://maven.apache.org/surefire/maven-surefire-plugin/xsd/surefire-test-report.xsd" name="TestSuite" time="4,097.949" tests="2" errors="0" skipped="0" failures="1">
  <properties>
    <property name="gopherProxySet" value="false"/>
    <property name="awt.toolkit" value="sun.lwawt.macosx.LWCToolkit"/>
    <property name="java.specification.version" value="11"/>
    <property name="sun.cpu.isalist" value=""/>
    <property name="sun.jnu.encoding" value="UTF-8"/>
    <property name="java.class.path" value="/Users/hungle/Documents/Git/sendoautomationweb/target/test-classes:/Users/hungle/Documents/Git/sendoautomationweb/target/classes:/Users/hungle/.m2/repository/com/mashape/unirest/unirest-java/1.3.0/unirest-java-1.3.0.jar:/Users/hungle/.m2/repository/org/apache/httpcomponents/httpclient/4.3/httpclient-4.3.jar:/Users/hungle/.m2/repository/org/apache/httpcomponents/httpasyncclient/4.0-beta4/httpasyncclient-4.0-beta4.jar:/Users/hungle/.m2/repository/org/apache/httpcomponents/httpcore-nio/4.3-beta2/httpcore-nio-4.3-beta2.jar:/Users/hungle/.m2/repository/org/apache/httpcomponents/httpmime/4.3/httpmime-4.3.jar:/Users/hungle/.m2/repository/mysql/mysql-connector-java/6.0.6/mysql-connector-java-6.0.6.jar:/Users/hungle/.m2/repository/org/apache/commons/commons-lang3/3.3.2/commons-lang3-3.3.2.jar:/Users/hungle/.m2/repository/com/relevantcodes/extentreports/2.41.2/extentreports-2.41.2.jar:/Users/hungle/.m2/repository/org/jsoup/jsoup/1.8.3/jsoup-1.8.3.jar:/Users/hungle/.m2/repository/org/xerial/sqlite-jdbc/3.8.11.1/sqlite-jdbc-3.8.11.1.jar:/Users/hungle/.m2/repository/org/freemarker/freemarker/2.3.23/freemarker-2.3.23.jar:/Users/hungle/.m2/repository/org/mongodb/mongodb-driver/3.0.4/mongodb-driver-3.0.4.jar:/Users/hungle/.m2/repository/org/mongodb/bson/3.0.4/bson-3.0.4.jar:/Users/hungle/.m2/repository/org/mongodb/mongodb-driver-core/3.0.4/mongodb-driver-core-3.0.4.jar:/Users/hungle/.m2/repository/org/seleniumhq/selenium/selenium-java/3.5.3/selenium-java-3.5.3.jar:/Users/hungle/.m2/repository/org/seleniumhq/selenium/selenium-api/3.5.3/selenium-api-3.5.3.jar:/Users/hungle/.m2/repository/org/seleniumhq/selenium/selenium-edge-driver/3.5.3/selenium-edge-driver-3.5.3.jar:/Users/hungle/.m2/repository/org/seleniumhq/selenium/selenium-opera-driver/3.5.3/selenium-opera-driver-3.5.3.jar:/Users/hungle/.m2/repository/org/seleniumhq/selenium/selenium-safari-driver/3.5.3/selenium-safari-driver-3.5.3.jar:/Users/hungle/.m2/repository/org/seleniumhq/selenium/selenium-support/3.5.3/selenium-support-3.5.3.jar:/Users/hungle/.m2/repository/cglib/cglib-nodep/3.2.4/cglib-nodep-3.2.4.jar:/Users/hungle/.m2/repository/org/apache/commons/commons-exec/1.3/commons-exec-1.3.jar:/Users/hungle/.m2/repository/commons-codec/commons-codec/1.10/commons-codec-1.10.jar:/Users/hungle/.m2/repository/commons-io/commons-io/2.5/commons-io-2.5.jar:/Users/hungle/.m2/repository/commons-logging/commons-logging/1.2/commons-logging-1.2.jar:/Users/hungle/.m2/repository/org/w3c/css/sac/1.3/sac-1.3.jar:/Users/hungle/.m2/repository/net/sourceforge/cssparser/cssparser/0.9.23/cssparser-0.9.23.jar:/Users/hungle/.m2/repository/com/google/code/gson/gson/2.8.0/gson-2.8.0.jar:/Users/hungle/.m2/repository/com/google/guava/guava/23.0/guava-23.0.jar:/Users/hungle/.m2/repository/com/google/errorprone/error_prone_annotations/2.0.18/error_prone_annotations-2.0.18.jar:/Users/hungle/.m2/repository/com/google/j2objc/j2objc-annotations/1.1/j2objc-annotations-1.1.jar:/Users/hungle/.m2/repository/org/codehaus/mojo/animal-sniffer-annotations/1.14/animal-sniffer-annotations-1.14.jar:/Users/hungle/.m2/repository/org/hamcrest/hamcrest-core/1.3/hamcrest-core-1.3.jar:/Users/hungle/.m2/repository/net/sourceforge/htmlunit/htmlunit/2.27/htmlunit-2.27.jar:/Users/hungle/.m2/repository/net/sourceforge/htmlunit/htmlunit-core-js/2.27/htmlunit-core-js-2.27.jar:/Users/hungle/.m2/repository/net/sourceforge/htmlunit/neko-htmlunit/2.27/neko-htmlunit-2.27.jar:/Users/hungle/.m2/repository/org/apache/httpcomponents/httpcore/4.4.6/httpcore-4.4.6.jar:/Users/hungle/.m2/repository/org/eclipse/jetty/jetty-client/9.4.5.v20170502/jetty-client-9.4.5.v20170502.jar:/Users/hungle/.m2/repository/org/eclipse/jetty/jetty-http/9.4.5.v20170502/jetty-http-9.4.5.v20170502.jar:/Users/hungle/.m2/repository/org/eclipse/jetty/jetty-io/9.4.5.v20170502/jetty-io-9.4.5.v20170502.jar:/Users/hungle/.m2/repository/org/eclipse/jetty/jetty-util/9.4.5.v20170502/jetty-util-9.4.5.v20170502.jar:/Users/hungle/.m2/repository/net/java/dev/jna/jna/4.1.0/jna-4.1.0.jar:/Users/hungle/.m2/repository/net/java/dev/jna/jna-platform/4.1.0/jna-platform-4.1.0.jar:/Users/hungle/.m2/repository/com/codeborne/phantomjsdriver/1.4.0/phantomjsdriver-1.4.0.jar:/Users/hungle/.m2/repository/org/seleniumhq/selenium/htmlunit-driver/2.27/htmlunit-driver-2.27.jar:/Users/hungle/.m2/repository/javax/servlet/javax.servlet-api/3.1.0/javax.servlet-api-3.1.0.jar:/Users/hungle/.m2/repository/org/eclipse/jetty/websocket/websocket-api/9.4.5.v20170502/websocket-api-9.4.5.v20170502.jar:/Users/hungle/.m2/repository/org/eclipse/jetty/websocket/websocket-client/9.4.5.v20170502/websocket-client-9.4.5.v20170502.jar:/Users/hungle/.m2/repository/org/eclipse/jetty/websocket/websocket-common/9.4.5.v20170502/websocket-common-9.4.5.v20170502.jar:/Users/hungle/.m2/repository/xalan/serializer/2.7.2/serializer-2.7.2.jar:/Users/hungle/.m2/repository/xalan/xalan/2.7.2/xalan-2.7.2.jar:/Users/hungle/.m2/repository/xerces/xercesImpl/2.11.0/xercesImpl-2.11.0.jar:/Users/hungle/.m2/repository/xml-apis/xml-apis/1.4.01/xml-apis-1.4.01.jar:/Users/hungle/.m2/repository/org/seleniumhq/selenium/selenium-server/3.5.3/selenium-server-3.5.3.jar:/Users/hungle/.m2/repository/com/beust/jcommander/1.48/jcommander-1.48.jar:/Users/hungle/.m2/repository/net/jcip/jcip-annotations/1.0/jcip-annotations-1.0.jar:/Users/hungle/.m2/repository/org/seleniumhq/selenium/jetty-repacked/9.4.5.v20170502/jetty-repacked-9.4.5.v20170502.jar:/Users/hungle/.m2/repository/org/yaml/snakeyaml/1.15/snakeyaml-1.15.jar:/Users/hungle/.m2/repository/org/seleniumhq/selenium/selenium-firefox-driver/3.5.3/selenium-firefox-driver-3.5.3.jar:/Users/hungle/.m2/repository/org/seleniumhq/selenium/selenium-chrome-driver/3.5.3/selenium-chrome-driver-3.5.3.jar:/Users/hungle/.m2/repository/org/seleniumhq/selenium/selenium-remote-driver/3.5.3/selenium-remote-driver-3.5.3.jar:/Users/hungle/.m2/repository/org/seleniumhq/selenium/selenium-ie-driver/3.5.3/selenium-ie-driver-3.5.3.jar:/Users/hungle/.m2/repository/junit/junit/4.12/junit-4.12.jar:/Users/hungle/.m2/repository/org/apache/poi/poi-ooxml/3.11-beta2/poi-ooxml-3.11-beta2.jar:/Users/hungle/.m2/repository/org/apache/poi/poi/3.11-beta2/poi-3.11-beta2.jar:/Users/hungle/.m2/repository/org/apache/poi/poi-ooxml-schemas/3.11-beta2/poi-ooxml-schemas-3.11-beta2.jar:/Users/hungle/.m2/repository/org/apache/xmlbeans/xmlbeans/2.6.0/xmlbeans-2.6.0.jar:/Users/hungle/.m2/repository/stax/stax-api/1.0.1/stax-api-1.0.1.jar:/Users/hungle/.m2/repository/org/testng/testng/6.10/testng-6.10.jar:/Users/hungle/.m2/repository/org/json/json/20160810/json-20160810.jar:/Users/hungle/.m2/repository/javax/mail/mail/1.4.7/mail-1.4.7.jar:/Users/hungle/.m2/repository/javax/activation/activation/1.1/activation-1.1.jar:/Users/hungle/.m2/repository/org/mongodb/mongo-java-driver/2.10.1/mongo-java-driver-2.10.1.jar:/Users/hungle/.m2/repository/com/googlecode/json-simple/json-simple/1.1.1/json-simple-1.1.1.jar:/Users/hungle/.m2/repository/com/google/apis/google-api-services-pagespeedonline/v2-rev16-1.23.0/google-api-services-pagespeedonline-v2-rev16-1.23.0.jar:/Users/hungle/.m2/repository/org/noregress/noregress/0.2.0/noregress-0.2.0.jar:/Users/hungle/.m2/repository/com/fasterxml/jackson/core/jackson-databind/2.7.5/jackson-databind-2.7.5.jar:/Users/hungle/.m2/repository/com/fasterxml/jackson/core/jackson-annotations/2.7.0/jackson-annotations-2.7.0.jar:/Users/hungle/.m2/repository/com/fasterxml/jackson/core/jackson-core/2.7.5/jackson-core-2.7.5.jar:/Users/hungle/.m2/repository/com/samczsun/skype4j/0.1.5/skype4j-0.1.5.jar:/Users/hungle/.m2/repository/com/google/api-client/google-api-client/1.23.0/google-api-client-1.23.0.jar:/Users/hungle/.m2/repository/com/google/oauth-client/google-oauth-client/1.23.0/google-oauth-client-1.23.0.jar:/Users/hungle/.m2/repository/com/google/http-client/google-http-client-jackson2/1.23.0/google-http-client-jackson2-1.23.0.jar:/Users/hungle/.m2/repository/com/google/guava/guava-jdk5/17.0/guava-jdk5-17.0.jar:/Users/hungle/.m2/repository/com/google/oauth-client/google-oauth-client-jetty/1.23.0/google-oauth-client-jetty-1.23.0.jar:/Users/hungle/.m2/repository/com/google/oauth-client/google-oauth-client-java6/1.23.0/google-oauth-client-java6-1.23.0.jar:/Users/hungle/.m2/repository/org/mortbay/jetty/jetty/6.1.26/jetty-6.1.26.jar:/Users/hungle/.m2/repository/org/mortbay/jetty/jetty-util/6.1.26/jetty-util-6.1.26.jar:/Users/hungle/.m2/repository/org/mortbay/jetty/servlet-api/2.5-20081211/servlet-api-2.5-20081211.jar:/Users/hungle/.m2/repository/com/google/apis/google-api-services-sheets/v4-rev525-1.23.0/google-api-services-sheets-v4-rev525-1.23.0.jar:/Users/hungle/.m2/repository/com/google/cloud/sql/mysql-socket-factory-connector-j-6/1.0.9/mysql-socket-factory-connector-j-6-1.0.9.jar:/Users/hungle/.m2/repository/com/google/cloud/sql/jdbc-socket-factory-core/1.0.9/jdbc-socket-factory-core-1.0.9.jar:/Users/hungle/.m2/repository/com/google/apis/google-api-services-sqladmin/v1beta4-rev56-1.23.0/google-api-services-sqladmin-v1beta4-rev56-1.23.0.jar:/Users/hungle/.m2/repository/org/eclipse/jetty/jetty-unixsocket/9.4.8.v20171121/jetty-unixsocket-9.4.8.v20171121.jar:/Users/hungle/.m2/repository/org/eclipse/jetty/jetty-server/9.4.8.v20171121/jetty-server-9.4.8.v20171121.jar:/Users/hungle/.m2/repository/com/github/jnr/jnr-unixsocket/0.18/jnr-unixsocket-0.18.jar:/Users/hungle/.m2/repository/com/github/jnr/jnr-ffi/2.1.4/jnr-ffi-2.1.4.jar:/Users/hungle/.m2/repository/com/github/jnr/jffi/1.2.15/jffi-1.2.15.jar:/Users/hungle/.m2/repository/com/github/jnr/jffi/1.2.15/jffi-1.2.15-native.jar:/Users/hungle/.m2/repository/org/ow2/asm/asm-commons/5.0.3/asm-commons-5.0.3.jar:/Users/hungle/.m2/repository/org/ow2/asm/asm-analysis/5.0.3/asm-analysis-5.0.3.jar:/Users/hungle/.m2/repository/org/ow2/asm/asm-tree/5.0.3/asm-tree-5.0.3.jar:/Users/hungle/.m2/repository/org/ow2/asm/asm-util/5.0.3/asm-util-5.0.3.jar:/Users/hungle/.m2/repository/com/github/jnr/jnr-x86asm/1.0.2/jnr-x86asm-1.0.2.jar:/Users/hungle/.m2/repository/com/github/jnr/jnr-constants/0.9.8/jnr-constants-0.9.8.jar:/Users/hungle/.m2/repository/com/github/jnr/jnr-enxio/0.16/jnr-enxio-0.16.jar:/Users/hungle/.m2/repository/com/github/jnr/jnr-posix/3.0.35/jnr-posix-3.0.35.jar:/Users/hungle/.m2/repository/com/google/apis/google-api-services-drive/v3-rev124-1.23.0/google-api-services-drive-v3-rev124-1.23.0.jar:/Users/hungle/.m2/repository/com/google/http-client/google-http-client/1.23.0/google-http-client-1.23.0.jar:/Users/hungle/.m2/repository/com/google/code/findbugs/jsr305/1.3.9/jsr305-1.3.9.jar:/Users/hungle/.m2/repository/org/apache/commons/commons-csv/1.5/commons-csv-1.5.jar:/Users/hungle/.m2/repository/com/opencsv/opencsv/3.8/opencsv-3.8.jar:/Users/hungle/.m2/repository/commons-beanutils/commons-beanutils/1.9.2/commons-beanutils-1.9.2.jar:/Users/hungle/.m2/repository/commons-collections/commons-collections/3.2.1/commons-collections-3.2.1.jar:/Users/hungle/.m2/repository/net/lightbody/bmp/browsermob-core/2.1.5/browsermob-core-2.1.5.jar:/Users/hungle/.m2/repository/net/lightbody/bmp/littleproxy/1.1.0-beta-bmp-17/littleproxy-1.1.0-beta-bmp-17.jar:/Users/hungle/.m2/repository/dnsjava/dnsjava/2.1.8/dnsjava-2.1.8.jar:/Users/hungle/.m2/repository/org/slf4j/slf4j-api/1.7.25/slf4j-api-1.7.25.jar:/Users/hungle/.m2/repository/org/slf4j/jcl-over-slf4j/1.7.25/jcl-over-slf4j-1.7.25.jar:/Users/hungle/.m2/repository/com/jcraft/jzlib/1.1.3/jzlib-1.1.3.jar:/Users/hungle/.m2/repository/io/netty/netty-all/4.0.51.Final/netty-all-4.0.51.Final.jar:/Users/hungle/.m2/repository/org/bouncycastle/bcprov-jdk15on/1.58/bcprov-jdk15on-1.58.jar:/Users/hungle/.m2/repository/org/bouncycastle/bcpkix-jdk15on/1.58/bcpkix-jdk15on-1.58.jar:/Users/hungle/.m2/repository/net/lightbody/bmp/mitm/2.1.5/mitm-2.1.5.jar:/Users/hungle/.m2/repository/io/appium/java-client/6.1.0/java-client-6.1.0.jar:/Users/hungle/.m2/repository/cglib/cglib/3.2.6/cglib-3.2.6.jar:/Users/hungle/.m2/repository/org/ow2/asm/asm/6.0/asm-6.0.jar:/Users/hungle/.m2/repository/org/apache/ant/ant/1.9.6/ant-1.9.6.jar:/Users/hungle/.m2/repository/org/apache/ant/ant-launcher/1.9.6/ant-launcher-1.9.6.jar:/Users/hungle/.m2/repository/commons-validator/commons-validator/1.6/commons-validator-1.6.jar:/Users/hungle/.m2/repository/commons-digester/commons-digester/1.8.1/commons-digester-1.8.1.jar:/Users/hungle/.m2/repository/org/springframework/spring-context/5.0.5.RELEASE/spring-context-5.0.5.RELEASE.jar:/Users/hungle/.m2/repository/org/springframework/spring-aop/5.0.5.RELEASE/spring-aop-5.0.5.RELEASE.jar:/Users/hungle/.m2/repository/org/springframework/spring-beans/5.0.5.RELEASE/spring-beans-5.0.5.RELEASE.jar:/Users/hungle/.m2/repository/org/springframework/spring-core/5.0.5.RELEASE/spring-core-5.0.5.RELEASE.jar:/Users/hungle/.m2/repository/org/springframework/spring-jcl/5.0.5.RELEASE/spring-jcl-5.0.5.RELEASE.jar:/Users/hungle/.m2/repository/org/springframework/spring-expression/5.0.5.RELEASE/spring-expression-5.0.5.RELEASE.jar:/Users/hungle/.m2/repository/org/aspectj/aspectjweaver/1.9.1/aspectjweaver-1.9.1.jar:/Users/hungle/.m2/repository/org/openpnp/opencv/3.2.0-1/opencv-3.2.0-1.jar:/Users/hungle/.m2/repository/log4j/log4j/1.2.17/log4j-1.2.17.jar:/Users/hungle/.m2/repository/org/apache/maven/surefire/surefire-testng-utils/2.22.0/surefire-testng-utils-2.22.0.jar:/Users/hungle/.m2/repository/org/apache/maven/surefire/surefire-grouper/2.22.0/surefire-grouper-2.22.0.jar:"/>
    <property name="java.vm.vendor" value="Oracle Corporation"/>
    <property name="sun.arch.data.model" value="64"/>
    <property name="java.vendor.url" value="http://java.oracle.com/"/>
    <property name="user.timezone" value=""/>
    <property name="Test" value="C02_LoginFromShop"/>
    <property name="java.vm.specification.version" value="11"/>
    <property name="os.name" value="Mac OS X"/>
    <property name="sun.java.launcher" value="SUN_STANDARD"/>
    <property name="user.country" value="VN"/>
    <property name="sun.boot.library.path" value="/Library/Java/JavaVirtualMachines/jdk-11.0.1.jdk/Contents/Home/lib"/>
    <property name="sun.java.command" value="/Users/hungle/Documents/Git/sendoautomationweb/target/surefire/surefirebooter9524570435308488397.jar /Users/hungle/Documents/Git/sendoautomationweb/target/surefire 2019-02-21T11-44-11_133-jvmRun1 surefire6261570919042856845tmp surefire_08050737375277753388tmp"/>
    <property name="http.nonProxyHosts" value="local|*.local|169.254/16|*.169.254/16"/>
    <property name="jdk.debug" value="release"/>
    <property name="surefire.test.class.path" value="/Users/hungle/Documents/Git/sendoautomationweb/target/test-classes:/Users/hungle/Documents/Git/sendoautomationweb/target/classes:/Users/hungle/.m2/repository/com/mashape/unirest/unirest-java/1.3.0/unirest-java-1.3.0.jar:/Users/hungle/.m2/repository/org/apache/httpcomponents/httpclient/4.3/httpclient-4.3.jar:/Users/hungle/.m2/repository/org/apache/httpcomponents/httpasyncclient/4.0-beta4/httpasyncclient-4.0-beta4.jar:/Users/hungle/.m2/repository/org/apache/httpcomponents/httpcore-nio/4.3-beta2/httpcore-nio-4.3-beta2.jar:/Users/hungle/.m2/repository/org/apache/httpcomponents/httpmime/4.3/httpmime-4.3.jar:/Users/hungle/.m2/repository/mysql/mysql-connector-java/6.0.6/mysql-connector-java-6.0.6.jar:/Users/hungle/.m2/repository/org/apache/commons/commons-lang3/3.3.2/commons-lang3-3.3.2.jar:/Users/hungle/.m2/repository/com/relevantcodes/extentreports/2.41.2/extentreports-2.41.2.jar:/Users/hungle/.m2/repository/org/jsoup/jsoup/1.8.3/jsoup-1.8.3.jar:/Users/hungle/.m2/repository/org/xerial/sqlite-jdbc/3.8.11.1/sqlite-jdbc-3.8.11.1.jar:/Users/hungle/.m2/repository/org/freemarker/freemarker/2.3.23/freemarker-2.3.23.jar:/Users/hungle/.m2/repository/org/mongodb/mongodb-driver/3.0.4/mongodb-driver-3.0.4.jar:/Users/hungle/.m2/repository/org/mongodb/bson/3.0.4/bson-3.0.4.jar:/Users/hungle/.m2/repository/org/mongodb/mongodb-driver-core/3.0.4/mongodb-driver-core-3.0.4.jar:/Users/hungle/.m2/repository/org/seleniumhq/selenium/selenium-java/3.5.3/selenium-java-3.5.3.jar:/Users/hungle/.m2/repository/org/seleniumhq/selenium/selenium-api/3.5.3/selenium-api-3.5.3.jar:/Users/hungle/.m2/repository/org/seleniumhq/selenium/selenium-edge-driver/3.5.3/selenium-edge-driver-3.5.3.jar:/Users/hungle/.m2/repository/org/seleniumhq/selenium/selenium-opera-driver/3.5.3/selenium-opera-driver-3.5.3.jar:/Users/hungle/.m2/repository/org/seleniumhq/selenium/selenium-safari-driver/3.5.3/selenium-safari-driver-3.5.3.jar:/Users/hungle/.m2/repository/org/seleniumhq/selenium/selenium-support/3.5.3/selenium-support-3.5.3.jar:/Users/hungle/.m2/repository/cglib/cglib-nodep/3.2.4/cglib-nodep-3.2.4.jar:/Users/hungle/.m2/repository/org/apache/commons/commons-exec/1.3/commons-exec-1.3.jar:/Users/hungle/.m2/repository/commons-codec/commons-codec/1.10/commons-codec-1.10.jar:/Users/hungle/.m2/repository/commons-io/commons-io/2.5/commons-io-2.5.jar:/Users/hungle/.m2/repository/commons-logging/commons-logging/1.2/commons-logging-1.2.jar:/Users/hungle/.m2/repository/org/w3c/css/sac/1.3/sac-1.3.jar:/Users/hungle/.m2/repository/net/sourceforge/cssparser/cssparser/0.9.23/cssparser-0.9.23.jar:/Users/hungle/.m2/repository/com/google/code/gson/gson/2.8.0/gson-2.8.0.jar:/Users/hungle/.m2/repository/com/google/guava/guava/23.0/guava-23.0.jar:/Users/hungle/.m2/repository/com/google/errorprone/error_prone_annotations/2.0.18/error_prone_annotations-2.0.18.jar:/Users/hungle/.m2/repository/com/google/j2objc/j2objc-annotations/1.1/j2objc-annotations-1.1.jar:/Users/hungle/.m2/repository/org/codehaus/mojo/animal-sniffer-annotations/1.14/animal-sniffer-annotations-1.14.jar:/Users/hungle/.m2/repository/org/hamcrest/hamcrest-core/1.3/hamcrest-core-1.3.jar:/Users/hungle/.m2/repository/net/sourceforge/htmlunit/htmlunit/2.27/htmlunit-2.27.jar:/Users/hungle/.m2/repository/net/sourceforge/htmlunit/htmlunit-core-js/2.27/htmlunit-core-js-2.27.jar:/Users/hungle/.m2/repository/net/sourceforge/htmlunit/neko-htmlunit/2.27/neko-htmlunit-2.27.jar:/Users/hungle/.m2/repository/org/apache/httpcomponents/httpcore/4.4.6/httpcore-4.4.6.jar:/Users/hungle/.m2/repository/org/eclipse/jetty/jetty-client/9.4.5.v20170502/jetty-client-9.4.5.v20170502.jar:/Users/hungle/.m2/repository/org/eclipse/jetty/jetty-http/9.4.5.v20170502/jetty-http-9.4.5.v20170502.jar:/Users/hungle/.m2/repository/org/eclipse/jetty/jetty-io/9.4.5.v20170502/jetty-io-9.4.5.v20170502.jar:/Users/hungle/.m2/repository/org/eclipse/jetty/jetty-util/9.4.5.v20170502/jetty-util-9.4.5.v20170502.jar:/Users/hungle/.m2/repository/net/java/dev/jna/jna/4.1.0/jna-4.1.0.jar:/Users/hungle/.m2/repository/net/java/dev/jna/jna-platform/4.1.0/jna-platform-4.1.0.jar:/Users/hungle/.m2/repository/com/codeborne/phantomjsdriver/1.4.0/phantomjsdriver-1.4.0.jar:/Users/hungle/.m2/repository/org/seleniumhq/selenium/htmlunit-driver/2.27/htmlunit-driver-2.27.jar:/Users/hungle/.m2/repository/javax/servlet/javax.servlet-api/3.1.0/javax.servlet-api-3.1.0.jar:/Users/hungle/.m2/repository/org/eclipse/jetty/websocket/websocket-api/9.4.5.v20170502/websocket-api-9.4.5.v20170502.jar:/Users/hungle/.m2/repository/org/eclipse/jetty/websocket/websocket-client/9.4.5.v20170502/websocket-client-9.4.5.v20170502.jar:/Users/hungle/.m2/repository/org/eclipse/jetty/websocket/websocket-common/9.4.5.v20170502/websocket-common-9.4.5.v20170502.jar:/Users/hungle/.m2/repository/xalan/serializer/2.7.2/serializer-2.7.2.jar:/Users/hungle/.m2/repository/xalan/xalan/2.7.2/xalan-2.7.2.jar:/Users/hungle/.m2/repository/xerces/xercesImpl/2.11.0/xercesImpl-2.11.0.jar:/Users/hungle/.m2/repository/xml-apis/xml-apis/1.4.01/xml-apis-1.4.01.jar:/Users/hungle/.m2/repository/org/seleniumhq/selenium/selenium-server/3.5.3/selenium-server-3.5.3.jar:/Users/hungle/.m2/repository/com/beust/jcommander/1.48/jcommander-1.48.jar:/Users/hungle/.m2/repository/net/jcip/jcip-annotations/1.0/jcip-annotations-1.0.jar:/Users/hungle/.m2/repository/org/seleniumhq/selenium/jetty-repacked/9.4.5.v20170502/jetty-repacked-9.4.5.v20170502.jar:/Users/hungle/.m2/repository/org/yaml/snakeyaml/1.15/snakeyaml-1.15.jar:/Users/hungle/.m2/repository/org/seleniumhq/selenium/selenium-firefox-driver/3.5.3/selenium-firefox-driver-3.5.3.jar:/Users/hungle/.m2/repository/org/seleniumhq/selenium/selenium-chrome-driver/3.5.3/selenium-chrome-driver-3.5.3.jar:/Users/hungle/.m2/repository/org/seleniumhq/selenium/selenium-remote-driver/3.5.3/selenium-remote-driver-3.5.3.jar:/Users/hungle/.m2/repository/org/seleniumhq/selenium/selenium-ie-driver/3.5.3/selenium-ie-driver-3.5.3.jar:/Users/hungle/.m2/repository/junit/junit/4.12/junit-4.12.jar:/Users/hungle/.m2/repository/org/apache/poi/poi-ooxml/3.11-beta2/poi-ooxml-3.11-beta2.jar:/Users/hungle/.m2/repository/org/apache/poi/poi/3.11-beta2/poi-3.11-beta2.jar:/Users/hungle/.m2/repository/org/apache/poi/poi-ooxml-schemas/3.11-beta2/poi-ooxml-schemas-3.11-beta2.jar:/Users/hungle/.m2/repository/org/apache/xmlbeans/xmlbeans/2.6.0/xmlbeans-2.6.0.jar:/Users/hungle/.m2/repository/stax/stax-api/1.0.1/stax-api-1.0.1.jar:/Users/hungle/.m2/repository/org/testng/testng/6.10/testng-6.10.jar:/Users/hungle/.m2/repository/org/json/json/20160810/json-20160810.jar:/Users/hungle/.m2/repository/javax/mail/mail/1.4.7/mail-1.4.7.jar:/Users/hungle/.m2/repository/javax/activation/activation/1.1/activation-1.1.jar:/Users/hungle/.m2/repository/org/mongodb/mongo-java-driver/2.10.1/mongo-java-driver-2.10.1.jar:/Users/hungle/.m2/repository/com/googlecode/json-simple/json-simple/1.1.1/json-simple-1.1.1.jar:/Users/hungle/.m2/repository/com/google/apis/google-api-services-pagespeedonline/v2-rev16-1.23.0/google-api-services-pagespeedonline-v2-rev16-1.23.0.jar:/Users/hungle/.m2/repository/org/noregress/noregress/0.2.0/noregress-0.2.0.jar:/Users/hungle/.m2/repository/com/fasterxml/jackson/core/jackson-databind/2.7.5/jackson-databind-2.7.5.jar:/Users/hungle/.m2/repository/com/fasterxml/jackson/core/jackson-annotations/2.7.0/jackson-annotations-2.7.0.jar:/Users/hungle/.m2/repository/com/fasterxml/jackson/core/jackson-core/2.7.5/jackson-core-2.7.5.jar:/Users/hungle/.m2/repository/com/samczsun/skype4j/0.1.5/skype4j-0.1.5.jar:/Users/hungle/.m2/repository/com/google/api-client/google-api-client/1.23.0/google-api-client-1.23.0.jar:/Users/hungle/.m2/repository/com/google/oauth-client/google-oauth-client/1.23.0/google-oauth-client-1.23.0.jar:/Users/hungle/.m2/repository/com/google/http-client/google-http-client-jackson2/1.23.0/google-http-client-jackson2-1.23.0.jar:/Users/hungle/.m2/repository/com/google/guava/guava-jdk5/17.0/guava-jdk5-17.0.jar:/Users/hungle/.m2/repository/com/google/oauth-client/google-oauth-client-jetty/1.23.0/google-oauth-client-jetty-1.23.0.jar:/Users/hungle/.m2/repository/com/google/oauth-client/google-oauth-client-java6/1.23.0/google-oauth-client-java6-1.23.0.jar:/Users/hungle/.m2/repository/org/mortbay/jetty/jetty/6.1.26/jetty-6.1.26.jar:/Users/hungle/.m2/repository/org/mortbay/jetty/jetty-util/6.1.26/jetty-util-6.1.26.jar:/Users/hungle/.m2/repository/org/mortbay/jetty/servlet-api/2.5-20081211/servlet-api-2.5-20081211.jar:/Users/hungle/.m2/repository/com/google/apis/google-api-services-sheets/v4-rev525-1.23.0/google-api-services-sheets-v4-rev525-1.23.0.jar:/Users/hungle/.m2/repository/com/google/cloud/sql/mysql-socket-factory-connector-j-6/1.0.9/mysql-socket-factory-connector-j-6-1.0.9.jar:/Users/hungle/.m2/repository/com/google/cloud/sql/jdbc-socket-factory-core/1.0.9/jdbc-socket-factory-core-1.0.9.jar:/Users/hungle/.m2/repository/com/google/apis/google-api-services-sqladmin/v1beta4-rev56-1.23.0/google-api-services-sqladmin-v1beta4-rev56-1.23.0.jar:/Users/hungle/.m2/repository/org/eclipse/jetty/jetty-unixsocket/9.4.8.v20171121/jetty-unixsocket-9.4.8.v20171121.jar:/Users/hungle/.m2/repository/org/eclipse/jetty/jetty-server/9.4.8.v20171121/jetty-server-9.4.8.v20171121.jar:/Users/hungle/.m2/repository/com/github/jnr/jnr-unixsocket/0.18/jnr-unixsocket-0.18.jar:/Users/hungle/.m2/repository/com/github/jnr/jnr-ffi/2.1.4/jnr-ffi-2.1.4.jar:/Users/hungle/.m2/repository/com/github/jnr/jffi/1.2.15/jffi-1.2.15.jar:/Users/hungle/.m2/repository/com/github/jnr/jffi/1.2.15/jffi-1.2.15-native.jar:/Users/hungle/.m2/repository/org/ow2/asm/asm-commons/5.0.3/asm-commons-5.0.3.jar:/Users/hungle/.m2/repository/org/ow2/asm/asm-analysis/5.0.3/asm-analysis-5.0.3.jar:/Users/hungle/.m2/repository/org/ow2/asm/asm-tree/5.0.3/asm-tree-5.0.3.jar:/Users/hungle/.m2/repository/org/ow2/asm/asm-util/5.0.3/asm-util-5.0.3.jar:/Users/hungle/.m2/repository/com/github/jnr/jnr-x86asm/1.0.2/jnr-x86asm-1.0.2.jar:/Users/hungle/.m2/repository/com/github/jnr/jnr-constants/0.9.8/jnr-constants-0.9.8.jar:/Users/hungle/.m2/repository/com/github/jnr/jnr-enxio/0.16/jnr-enxio-0.16.jar:/Users/hungle/.m2/repository/com/github/jnr/jnr-posix/3.0.35/jnr-posix-3.0.35.jar:/Users/hungle/.m2/repository/com/google/apis/google-api-services-drive/v3-rev124-1.23.0/google-api-services-drive-v3-rev124-1.23.0.jar:/Users/hungle/.m2/repository/com/google/http-client/google-http-client/1.23.0/google-http-client-1.23.0.jar:/Users/hungle/.m2/repository/com/google/code/findbugs/jsr305/1.3.9/jsr305-1.3.9.jar:/Users/hungle/.m2/repository/org/apache/commons/commons-csv/1.5/commons-csv-1.5.jar:/Users/hungle/.m2/repository/com/opencsv/opencsv/3.8/opencsv-3.8.jar:/Users/hungle/.m2/repository/commons-beanutils/commons-beanutils/1.9.2/commons-beanutils-1.9.2.jar:/Users/hungle/.m2/repository/commons-collections/commons-collections/3.2.1/commons-collections-3.2.1.jar:/Users/hungle/.m2/repository/net/lightbody/bmp/browsermob-core/2.1.5/browsermob-core-2.1.5.jar:/Users/hungle/.m2/repository/net/lightbody/bmp/littleproxy/1.1.0-beta-bmp-17/littleproxy-1.1.0-beta-bmp-17.jar:/Users/hungle/.m2/repository/dnsjava/dnsjava/2.1.8/dnsjava-2.1.8.jar:/Users/hungle/.m2/repository/org/slf4j/slf4j-api/1.7.25/slf4j-api-1.7.25.jar:/Users/hungle/.m2/repository/org/slf4j/jcl-over-slf4j/1.7.25/jcl-over-slf4j-1.7.25.jar:/Users/hungle/.m2/repository/com/jcraft/jzlib/1.1.3/jzlib-1.1.3.jar:/Users/hungle/.m2/repository/io/netty/netty-all/4.0.51.Final/netty-all-4.0.51.Final.jar:/Users/hungle/.m2/repository/org/bouncycastle/bcprov-jdk15on/1.58/bcprov-jdk15on-1.58.jar:/Users/hungle/.m2/repository/org/bouncycastle/bcpkix-jdk15on/1.58/bcpkix-jdk15on-1.58.jar:/Users/hungle/.m2/repository/net/lightbody/bmp/mitm/2.1.5/mitm-2.1.5.jar:/Users/hungle/.m2/repository/io/appium/java-client/6.1.0/java-client-6.1.0.jar:/Users/hungle/.m2/repository/cglib/cglib/3.2.6/cglib-3.2.6.jar:/Users/hungle/.m2/repository/org/ow2/asm/asm/6.0/asm-6.0.jar:/Users/hungle/.m2/repository/org/apache/ant/ant/1.9.6/ant-1.9.6.jar:/Users/hungle/.m2/repository/org/apache/ant/ant-launcher/1.9.6/ant-launcher-1.9.6.jar:/Users/hungle/.m2/repository/commons-validator/commons-validator/1.6/commons-validator-1.6.jar:/Users/hungle/.m2/repository/commons-digester/commons-digester/1.8.1/commons-digester-1.8.1.jar:/Users/hungle/.m2/repository/org/springframework/spring-context/5.0.5.RELEASE/spring-context-5.0.5.RELEASE.jar:/Users/hungle/.m2/repository/org/springframework/spring-aop/5.0.5.RELEASE/spring-aop-5.0.5.RELEASE.jar:/Users/hungle/.m2/repository/org/springframework/spring-beans/5.0.5.RELEASE/spring-beans-5.0.5.RELEASE.jar:/Users/hungle/.m2/repository/org/springframework/spring-core/5.0.5.RELEASE/spring-core-5.0.5.RELEASE.jar:/Users/hungle/.m2/repository/org/springframework/spring-jcl/5.0.5.RELEASE/spring-jcl-5.0.5.RELEASE.jar:/Users/hungle/.m2/repository/org/springframework/spring-expression/5.0.5.RELEASE/spring-expression-5.0.5.RELEASE.jar:/Users/hungle/.m2/repository/org/aspectj/aspectjweaver/1.9.1/aspectjweaver-1.9.1.jar:/Users/hungle/.m2/repository/org/openpnp/opencv/3.2.0-1/opencv-3.2.0-1.jar:/Users/hungle/.m2/repository/log4j/log4j/1.2.17/log4j-1.2.17.jar:/Users/hungle/.m2/repository/org/apache/maven/surefire/surefire-testng-utils/2.22.0/surefire-testng-utils-2.22.0.jar:/Users/hungle/.m2/repository/org/apache/maven/surefire/surefire-grouper/2.22.0/surefire-grouper-2.22.0.jar:"/>
    <property name="sun.cpu.endian" value="little"/>
    <property name="user.home" value="/Users/hungle"/>
    <property name="user.language" value="en"/>
    <property name="java.specification.vendor" value="Oracle Corporation"/>
    <property name="java.version.date" value="2018-10-16"/>
    <property name="java.home" value="/Library/Java/JavaVirtualMachines/jdk-11.0.1.jdk/Contents/Home"/>
    <property name="file.separator" value="/"/>
    <property name="basedir" value="/Users/hungle/Documents/Git/sendoautomationweb"/>
    <property name="java.vm.compressedOopsMode" value="Zero based"/>
    <property name="line.separator" value="&#10;"/>
    <property name="java.specification.name" value="Java Platform API Specification"/>
    <property name="java.vm.specification.vendor" value="Oracle Corporation"/>
    <property name="java.awt.graphicsenv" value="sun.awt.CGraphicsEnvironment"/>
    <property name="surefire.real.class.path" value="/Users/hungle/Documents/Git/sendoautomationweb/target/surefire/surefirebooter9524570435308488397.jar"/>
    <property name="sun.management.compiler" value="HotSpot 64-Bit Tiered Compilers"/>
    <property name="ftp.nonProxyHosts" value="local|*.local|169.254/16|*.169.254/16"/>
    <property name="java.runtime.version" value="11.0.1+13-LTS"/>
    <property name="user.name" value="hungle"/>
    <property name="path.separator" value=":"/>
    <property name="os.version" value="10.14.2"/>
    <property name="java.runtime.name" value="Java(TM) SE Runtime Environment"/>
    <property name="file.encoding" value="UTF-8"/>
    <property name="java.vm.name" value="Java HotSpot(TM) 64-Bit Server VM"/>
    <property name="java.vendor.version" value="18.9"/>
    <property name="localRepository" value="/Users/hungle/.m2/repository"/>
    <property name="java.vendor.url.bug" value="http://bugreport.java.com/bugreport/"/>
    <property name="java.io.tmpdir" value="/var/folders/kk/htxh6_9s21906jzwkc_czp6h0000gn/T/"/>
    <property name="java.version" value="11.0.1"/>
    <property name="user.dir" value="/Users/hungle/Documents/Git/sendoautomationweb"/>
    <property name="os.arch" value="x86_64"/>
    <property name="java.vm.specification.name" value="Java Virtual Machine Specification"/>
    <property name="java.awt.printerjob" value="sun.lwawt.macosx.CPrinterJob"/>
    <property name="sun.os.patch.level" value="unknown"/>
    <property name="java.library.path" value="/Users/hungle/Library/Java/Extensions:/Library/Java/Extensions:/Network/Library/Java/Extensions:/System/Library/Java/Extensions:/usr/lib/java:."/>
    <property name="java.vendor" value="Oracle Corporation"/>
    <property name="java.vm.info" value="mixed mode"/>
    <property name="java.vm.version" value="11.0.1+13-LTS"/>
    <property name="sun.io.unicode.encoding" value="UnicodeBig"/>
    <property name="java.class.version" value="55.0"/>
    <property name="socksNonProxyHosts" value="local|*.local|169.254/16|*.169.254/16"/>
  </properties>
  <testcase name="test" classname="z_sandbox.NewTest" time="12.691"/>
  <testcase name="getWebPageTestResult" classname="webPageTest.webPageTest" time="4,069.179">
    <failure type="java.lang.NullPointerException">java.lang.NullPointerException
	at webPageTest.webPageTest.getWebPageTestResult(webPageTest.java:28)
</failure>
    <system-out><![CDATA[Start test for https://sendo.vn - Connectivity: Native - Device: web
Waiting behind 160 other tests...
Waiting behind 150 other tests...
Waiting behind 149 other tests...
Waiting behind 134 other tests...
Waiting behind 121 other tests...
Waiting behind 112 other tests...
Waiting behind 105 other tests...
Waiting behind 89 other tests...
Test Complete
Duration time: 00:58:26
Start test for https://sendo.vn - Connectivity: Native - Device: iPhone8
Waiting behind 5 other tests...
Waiting behind 4 other tests...
Waiting behind 4 other tests...
Waiting behind 5 other tests...
Waiting behind 5 other tests...
Waiting behind 5 other tests...
Waiting behind 5 other tests...
Waiting behind 4 other tests...
Waiting behind 4 other tests...
Waiting behind 4 other tests...
Waiting behind 3 other tests...
Waiting behind 2 other tests...
Waiting behind 1 other test...
Waiting at the front of the queue...
Waiting at the front of the queue...
Test Started 22 seconds ago
Test Complete
]]></system-out>
    <system-err><![CDATA[java.net.ConnectException: Operation timed out (Connection timed out)
	at java.base/java.net.PlainSocketImpl.socketConnect(Native Method)
	at java.base/java.net.AbstractPlainSocketImpl.doConnect(AbstractPlainSocketImpl.java:399)
	at java.base/java.net.AbstractPlainSocketImpl.connectToAddress(AbstractPlainSocketImpl.java:242)
	at java.base/java.net.AbstractPlainSocketImpl.connect(AbstractPlainSocketImpl.java:224)
	at java.base/java.net.Socket.connect(Socket.java:591)
	at java.base/java.net.Socket.connect(Socket.java:540)
	at java.base/sun.net.NetworkClient.doConnect(NetworkClient.java:182)
	at java.base/sun.net.www.http.HttpClient.openServer(HttpClient.java:474)
	at java.base/sun.net.www.http.HttpClient.openServer(HttpClient.java:569)
	at java.base/sun.net.www.http.HttpClient.<init>(HttpClient.java:242)
	at java.base/sun.net.www.http.HttpClient.New(HttpClient.java:341)
	at java.base/sun.net.www.http.HttpClient.New(HttpClient.java:362)
	at java.base/sun.net.www.protocol.http.HttpURLConnection.getNewHttpClient(HttpURLConnection.java:1242)
	at java.base/sun.net.www.protocol.http.HttpURLConnection.plainConnect0(HttpURLConnection.java:1181)
	at java.base/sun.net.www.protocol.http.HttpURLConnection.plainConnect(HttpURLConnection.java:1075)
	at java.base/sun.net.www.protocol.http.HttpURLConnection.connect(HttpURLConnection.java:1009)
	at java.base/sun.net.www.protocol.http.HttpURLConnection.getInputStream0(HttpURLConnection.java:1581)
	at java.base/sun.net.www.protocol.http.HttpURLConnection.getInputStream(HttpURLConnection.java:1509)
	at ShoppingFlow.actions.ActionWebPageTest.getTestResult(ActionWebPageTest.java:135)
	at ShoppingFlow.actions.ActionWebPageTest.executeTest(ActionWebPageTest.java:174)
	at webPageTest.webPageTest.getWebPageTestResult(webPageTest.java:28)
	at java.base/jdk.internal.reflect.NativeMethodAccessorImpl.invoke0(Native Method)
	at java.base/jdk.internal.reflect.NativeMethodAccessorImpl.invoke(NativeMethodAccessorImpl.java:62)
	at java.base/jdk.internal.reflect.DelegatingMethodAccessorImpl.invoke(DelegatingMethodAccessorImpl.java:43)
	at java.base/java.lang.reflect.Method.invoke(Method.java:566)
	at org.testng.internal.MethodInvocationHelper.invokeMethod(MethodInvocationHelper.java:104)
	at org.testng.internal.Invoker.invokeMethod(Invoker.java:645)
	at org.testng.internal.Invoker.invokeTestMethod(Invoker.java:851)
	at org.testng.internal.Invoker.invokeTestMethods(Invoker.java:1177)
	at org.testng.internal.TestMethodWorker.invokeTestMethods(TestMethodWorker.java:129)
	at org.testng.internal.TestMethodWorker.run(TestMethodWorker.java:112)
	at org.testng.TestRunner.privateRun(TestRunner.java:756)
	at org.testng.TestRunner.run(TestRunner.java:610)
	at org.testng.SuiteRunner.runTest(SuiteRunner.java:387)
	at org.testng.SuiteRunner.runSequentially(SuiteRunner.java:382)
	at org.testng.SuiteRunner.privateRun(SuiteRunner.java:340)
	at org.testng.SuiteRunner.run(SuiteRunner.java:289)
	at org.testng.SuiteRunnerWorker.runSuite(SuiteRunnerWorker.java:52)
	at org.testng.SuiteRunnerWorker.run(SuiteRunnerWorker.java:86)
	at org.testng.TestNG.runSuitesSequentially(TestNG.java:1293)
	at org.testng.TestNG.runSuitesLocally(TestNG.java:1218)
	at org.testng.TestNG.runSuites(TestNG.java:1133)
	at org.testng.TestNG.run(TestNG.java:1104)
	at org.apache.maven.surefire.testng.TestNGExecutor.run(TestNGExecutor.java:135)
	at org.apache.maven.surefire.testng.TestNGDirectoryTestSuite.executeMulti(TestNGDirectoryTestSuite.java:193)
	at org.apache.maven.surefire.testng.TestNGDirectoryTestSuite.execute(TestNGDirectoryTestSuite.java:94)
	at org.apache.maven.surefire.testng.TestNGProvider.invoke(TestNGProvider.java:146)
	at org.apache.maven.surefire.booter.ForkedBooter.invokeProviderInSameClassLoader(ForkedBooter.java:383)
	at org.apache.maven.surefire.booter.ForkedBooter.runSuitesInProcess(ForkedBooter.java:344)
	at org.apache.maven.surefire.booter.ForkedBooter.execute(ForkedBooter.java:125)
	at org.apache.maven.surefire.booter.ForkedBooter.main(ForkedBooter.java:417)
]]></system-err>
  </testcase>
</testsuite>