<?xml version="1.0" encoding="UTF-8"?>
<!-- Generated by org.testng.reporters.JUnitReportReporter -->
<testsuite name="PWA.PWA_SiteAvarageCheck" tests="1" time="133.842" ignored="0" failures="0" timestamp="13 Oct 2017 18:15:43 GMT" skipped="0" hostname="QCAutomationTest111" errors="0">
  <testcase name="PWA_SiteOverall" time="133.842" classname="PWA.PWA_SiteAvarageCheck"/>
</testsuite> <!-- PWA.PWA_SiteAvarageCheck -->
