<?xml version="1.0" encoding="UTF-8"?>
<!-- Generated by org.testng.reporters.JUnitReportReporter -->
<testsuite name="logControl.LC005_ProductFilter" tests="1" time="125.300" ignored="0" failures="0" timestamp="10 Nov 2017 00:31:17 GMT" skipped="0" hostname="QCAutomationTest111" errors="0">
  <testcase name="LC005_TC003_FilterKeywordAds" time="125.300" classname="logControl.LC005_ProductFilter"/>
</testsuite> <!-- logControl.LC005_ProductFilter -->
