<?xml version="1.0" encoding="UTF-8"?>
<!-- Generated by org.testng.reporters.JUnitReportReporter -->
<testsuite name="checkoutProduct.CP01_CheckoutFromProductDetailInProductList" tests="1" time="47.400" ignored="0" failures="0" timestamp="13 Apr 2018 04:25:25 GMT" skipped="0" hostname="NamTH2-PC2" errors="0">
  <testcase name="CP01_01_CheckoutFromProductDetailInProductList" time="47.400" classname="checkoutProduct.CP01_CheckoutFromProductDetailInProductList"/>
</testsuite> <!-- checkoutProduct.CP01_CheckoutFromProductDetailInProductList -->
