<?xml version="1.0" encoding="UTF-8"?>
<!-- Generated by org.testng.reporters.JUnitReportReporter -->
<testsuite name="productFilter.PF001_FilterProduct" tests="1" time="77.737" ignored="0" failures="0" timestamp="23 Oct 2018 10:26:51 GMT" skipped="0" hostname="NamTH2-PC2" errors="0">
  <testcase name="PF001_TC001_FilterProduct" time="77.737" classname="productFilter.PF001_FilterProduct"/>
</testsuite> <!-- productFilter.PF001_FilterProduct -->
