<?xml version="1.0" encoding="UTF-8"?>
<!-- Generated by org.testng.reporters.JUnitReportReporter -->
<testsuite name="defaultListing.DF001_checkListing_Cate2" tests="1" time="61.156" ignored="0" failures="0" timestamp="24 Aug 2018 08:38:12 GMT" skipped="0" hostname="SANGDT4-PC2" errors="0">
  <testcase name="DF001_01_checkListing_Cate2" time="61.156" classname="defaultListing.DF001_checkListing_Cate2"/>
</testsuite> <!-- defaultListing.DF001_checkListing_Cate2 -->
