<?xml version="1.0" encoding="UTF-8"?>
<!-- Generated by org.testng.reporters.JUnitReportReporter -->
<testsuite name="z_sandbox.CancelOrder" tests="1" time="446.908" ignored="0" failures="0" timestamp="23 Mar 2018 03:02:49 GMT" skipped="0" hostname="NamTH2-PC2" errors="0">
  <testcase name="cancel" time="446.908" classname="z_sandbox.CancelOrder"/>
</testsuite> <!-- z_sandbox.CancelOrder -->
