<?xml version="1.0" encoding="UTF-8"?>
<!-- Generated by org.testng.reporters.JUnitReportReporter -->
<testsuite name="productAttribute.PA02_ValidateProductAttributeFromProductList_NotLogin" tests="1" time="40.329" ignored="0" failures="0" timestamp="06 Feb 2018 04:51:48 GMT" skipped="0" hostname="NamTH2-PC2" errors="0">
  <testcase name="PA02_01_ValidateProductAttributeFromProductList_NotLogin" time="40.329" classname="productAttribute.PA02_ValidateProductAttributeFromProductList_NotLogin"/>
</testsuite> <!-- productAttribute.PA02_ValidateProductAttributeFromProductList_NotLogin -->
