<?xml version="1.0" encoding="UTF-8"?>
<!-- Generated by org.testng.reporters.JUnitReportReporter -->
<testsuite name="logControl.LC006_Searching" tests="3" time="148.856" ignored="0" failures="0" timestamp="10 Nov 2017 00:37:36 GMT" skipped="0" hostname="QCAutomationTest111" errors="0">
  <testcase name="LC006_TC003_Search_SearchPage" time="41.256" classname="logControl.LC006_Searching"/>
  <testcase name="LC006_TC001_Search_Global" time="61.658" classname="logControl.LC006_Searching"/>
  <testcase name="LC006_TC002_Search_CatePage" time="45.942" classname="logControl.LC006_Searching"/>
</testsuite> <!-- logControl.LC006_Searching -->
