<?xml version="1.0" encoding="UTF-8"?>
<!-- Generated by org.testng.reporters.JUnitReportReporter -->
<testsuite name="order.createOrder.CreateOrderFromProductList_Login_Visa" tests="1" time="81.583" ignored="0" failures="0" timestamp="22 Nov 2018 12:49:18 GMT" skipped="0" hostname="NamTH2-PC2" errors="0">
  <testcase name="CO013_VerifyInfoWhenOrderFromProductList_Login_Visa" time="81.583" classname="order.createOrder.CreateOrderFromProductList_Login_Visa"/>
</testsuite> <!-- order.createOrder.CreateOrderFromProductList_Login_Visa -->
