<?xml version="1.0" encoding="UTF-8"?>
<!-- Generated by org.testng.reporters.JUnitReportReporter -->
<testsuite name="others.getPageSpeedScore" tests="1" time="237.271" ignored="0" failures="0" timestamp="12 Apr 2018 22:52:48 GMT" skipped="0" hostname="QCAutomationTest111" errors="0">
  <testcase name="getScore" time="237.271" classname="others.getPageSpeedScore"/>
</testsuite> <!-- others.getPageSpeedScore -->
