<?xml version="1.0" encoding="UTF-8"?>
<!-- Generated by org.testng.reporters.JUnitReportReporter -->
<testsuite name="z_sandbox.FilterOrder" tests="1" time="1100.396" ignored="0" failures="0" timestamp="13 Nov 2018 02:19:25 GMT" skipped="0" hostname="NamTH2-PC2" errors="0">
  <testcase name="filterOrder" time="1100.396" classname="z_sandbox.FilterOrder"/>
</testsuite> <!-- z_sandbox.FilterOrder -->
