<?xml version="1.0" encoding="UTF-8"?>
<!-- Generated by org.testng.reporters.JUnitReportReporter -->
<testsuite ignored="0" hostname="Hungs-MacBook-Pro.local" failures="0" tests="1" name="login.LoginFromMenuBar" time="106.124" errors="0" timestamp="03 Jan 2019 09:50:11 GMT" skipped="0">
  <testcase classname="login.LoginFromMenuBar" name="C01_LoginFromMenuBar" time="106.124"/>
</testsuite> <!-- login.LoginFromMenuBar -->
