<?xml version="1.0" encoding="UTF-8"?>
<!-- Generated by org.testng.reporters.JUnitReportReporter -->
<testsuite name="z_sandbox.testReport2" tests="1" time="5.634" ignored="0" failures="0" timestamp="27 Sep 2017 16:50:52 GMT" skipped="0" hostname="QCAutomationTest111" errors="0">
  <testcase name="test1" time="5.634" classname="z_sandbox.testReport2"/>
</testsuite> <!-- z_sandbox.testReport2 -->
