<?xml version="1.0" encoding="UTF-8"?>
<!-- Generated by org.testng.reporters.JUnitReportReporter -->
<testsuite name="logControl.LC009_ProductDetail_Shop" tests="2" time="210.844" ignored="0" failures="0" timestamp="13 Nov 2017 21:57:37 GMT" skipped="0" hostname="QCAutomationTest111" errors="0">
  <testcase name="LC009_TC002_ExternalLinkInShopProductDetail" time="106.666" classname="logControl.LC009_ProductDetail_Shop"/>
  <testcase name="LC009_TC001_ProductDetailInShop" time="104.178" classname="logControl.LC009_ProductDetail_Shop"/>
</testsuite> <!-- logControl.LC009_ProductDetail_Shop -->
