<?xml version="1.0" encoding="UTF-8"?>
<!-- Generated by org.testng.reporters.JUnitReportReporter -->
<testsuite name="productFilter.FilterProduct" tests="1" time="67.079" ignored="0" failures="0" timestamp="21 Sep 2017 00:26:45 GMT" skipped="0" hostname="QCAutomationTest111" errors="0">
  <testcase name="CO001_FilterProduct" time="67.079" classname="productFilter.FilterProduct"/>
</testsuite> <!-- productFilter.FilterProduct -->
