<?xml version="1.0" encoding="UTF-8"?>
<!-- Generated by org.testng.reporters.JUnitReportReporter -->
<testsuite name="SEOKeyword.checkSEOKeyword" tests="1" time="10214.745" ignored="0" failures="0" timestamp="12 Apr 2018 21:12:37 GMT" skipped="0" hostname="QCAutomationTest111" errors="0">
  <testcase name="checkSeokeyword" time="10214.745" classname="SEOKeyword.checkSEOKeyword"/>
</testsuite> <!-- SEOKeyword.checkSEOKeyword -->
