<?xml version="1.0" encoding="UTF-8"?>
<!-- Generated by org.testng.reporters.JUnitReportReporter -->
<testsuite name="staticCate.checkStaticCate" tests="1" time="74.019" ignored="0" failures="0" timestamp="28 Jun 2018 18:30:22 GMT" skipped="0" hostname="QCAutomationTest111" errors="0">
  <testcase name="checkCate" time="74.019" classname="staticCate.checkStaticCate"/>
</testsuite> <!-- staticCate.checkStaticCate -->
