<?xml version="1.0" encoding="UTF-8"?>
<!-- Generated by org.testng.reporters.JUnitReportReporter -->
<testsuite name="order.createOrder.CreateOrderFromProductList_UseVoucher_COD" tests="1" time="117.722" ignored="0" failures="0" timestamp="22 Nov 2018 12:55:07 GMT" skipped="0" hostname="NamTH2-PC2" errors="0">
  <testcase name="CO009_VerifyInfoWhenOrderFromProductList_UseVoucher_COD" time="117.722" classname="order.createOrder.CreateOrderFromProductList_UseVoucher_COD"/>
</testsuite> <!-- order.createOrder.CreateOrderFromProductList_UseVoucher_COD -->
