<?xml version="1.0" encoding="UTF-8"?>
<!-- Generated by org.testng.reporters.JUnitReportReporter -->
<testsuite name="others.getVoucherNumberFromShop" tests="1" time="34.592" ignored="0" failures="0" timestamp="11 Sep 2017 18:42:31 GMT" skipped="0" hostname="QCAutomationTest111" errors="0">
  <testcase name="getVoucherNumber" time="34.592" classname="others.getVoucherNumberFromShop"/>
</testsuite> <!-- others.getVoucherNumberFromShop -->
