<?xml version="1.0" encoding="UTF-8"?>
<!-- Generated by org.testng.reporters.JUnitReportReporter -->
<testsuite name="order.createOrderByAddingProductToCart.CreateOrderFromShopByAddingProductToCart_ProductWithDifferentAttribute_Login_COD" tests="1" time="166.132" ignored="0" failures="0" timestamp="07 Mar 2018 02:49:09 GMT" skipped="0" hostname="NamTH2-PC2" errors="0">
  <testcase name="CO06_CreateOrderFromShopByAddingProductToCart_ProductWithDifferentAttribute_Login_COD" time="166.132" classname="order.createOrderByAddingProductToCart.CreateOrderFromShopByAddingProductToCart_ProductWithDifferentAttribute_Login_COD"/>
</testsuite> <!-- order.createOrderByAddingProductToCart.CreateOrderFromShopByAddingProductToCart_ProductWithDifferentAttribute_Login_COD -->
