<?xml version="1.0" encoding="UTF-8"?>
<!-- Generated by org.testng.reporters.JUnitReportReporter -->
<testsuite name="productAttribute.PA05_ValidateProductAttributeFromShop_LoginWithPhoneAccount" tests="1" time="68.454" ignored="0" failures="0" timestamp="06 Feb 2018 08:52:49 GMT" skipped="0" hostname="NamTH2-PC2" errors="0">
  <testcase name="PA05_01_ValidateProductAttributeFromShop_LoginWithPhoneAccount" time="68.454" classname="productAttribute.PA05_ValidateProductAttributeFromShop_LoginWithPhoneAccount"/>
</testsuite> <!-- productAttribute.PA05_ValidateProductAttributeFromShop_LoginWithPhoneAccount -->
