<?xml version="1.0" encoding="UTF-8"?>
<!-- Generated by org.testng.reporters.JUnitReportReporter -->
<testsuite name="z_sandbox.test1234" tests="1" time="0.297" ignored="0" failures="0" timestamp="07 Feb 2018 04:34:24 GMT" skipped="0" hostname="NamTH2-PC2" errors="0">
  <testcase name="f" time="0.297" classname="z_sandbox.test1234"/>
</testsuite> <!-- z_sandbox.test1234 -->
