<?xml version="1.0" encoding="UTF-8"?>
<!-- Generated by org.testng.reporters.JUnitReportReporter -->
<testsuite name="favorite.FV006_RemoveFavorite_ProductListing" tests="1" time="158.414" ignored="0" failures="0" timestamp="07 Feb 2018 22:36:23 GMT" skipped="0" hostname="QCAutomationTest111" errors="0">
  <testcase name="FV006_TC001_RemoveFavorite_ProductListing" time="158.414" classname="favorite.FV006_RemoveFavorite_ProductListing"/>
</testsuite> <!-- favorite.FV006_RemoveFavorite_ProductListing -->
