<?xml version="1.0" encoding="UTF-8"?>
<!-- Generated by org.testng.reporters.JUnitReportReporter -->
<testsuite name="CRUDProduct.ProductAction_Seller" tests="1" time="217.979" ignored="0" failures="0" timestamp="30 Jul 2018 03:10:24 GMT" skipped="0" hostname="NamTH2-PC2" errors="0">
  <testcase name="CO003_ProductAction" time="217.979" classname="CRUDProduct.ProductAction_Seller"/>
</testsuite> <!-- CRUDProduct.ProductAction_Seller -->
