<?xml version="1.0" encoding="UTF-8"?>
<!-- Generated by org.testng.reporters.JUnitReportReporter -->
<testsuite name="order.createOrderByAddingProductToCart.CreateOrderFromShopByAddingProductToCart_HomePage_Login_COD" tests="1" time="129.626" ignored="0" failures="0" timestamp="27 Apr 2018 08:48:13 GMT" skipped="0" hostname="NamTH2-PC2" errors="0">
  <testcase name="C004_VerifyWhenCreateOrderFromShopByAddingProductToCart_HomePage_Login_COD" time="129.626" classname="order.createOrderByAddingProductToCart.CreateOrderFromShopByAddingProductToCart_HomePage_Login_COD"/>
</testsuite> <!-- order.createOrderByAddingProductToCart.CreateOrderFromShopByAddingProductToCart_HomePage_Login_COD -->
