<?xml version="1.0" encoding="UTF-8"?>
<!-- Generated by org.testng.reporters.JUnitReportReporter -->
<testsuite name="checkout.CheckErrorMessageAndPaymentStatus_NotLogin" tests="1" time="196.743" ignored="0" failures="0" timestamp="16 Aug 2017 08:23:05 GMT" skipped="0" hostname="NamTH2-PC2" errors="0">
  <testcase name="VerifyErrorMessageAndPaymentStatus_NotLogin" time="196.743" classname="checkout.CheckErrorMessageAndPaymentStatus_NotLogin"/>
</testsuite> <!-- checkout.CheckErrorMessageAndPaymentStatus_NotLogin -->
