<?xml version="1.0" encoding="UTF-8"?>
<!-- Generated by org.testng.reporters.JUnitReportReporter -->
<testsuite name="order.createOrder.CreateOrderFromShop_2Products_NotLogin_COD" tests="1" time="96.828" ignored="0" failures="0" timestamp="06 Jul 2017 03:28:25 GMT" skipped="0" hostname="NamTH2-PC2" errors="0">
  <testcase name="CO004_VerifyInfoWhenOrderFromShop_2Products_NotLogin_COD" time="96.828" classname="order.createOrder.CreateOrderFromShop_2Products_NotLogin_COD"/>
</testsuite> <!-- order.createOrder.CreateOrderFromShop_2Products_NotLogin_COD -->
