<?xml version="1.0" encoding="UTF-8"?>
<!-- Generated by org.testng.reporters.JUnitReportReporter -->
<testsuite name="others.clearTableData" tests="1" time="0.636" ignored="0" failures="0" timestamp="07 Nov 2017 00:07:17 GMT" skipped="0" hostname="QCAutomationTest111" errors="0">
  <testcase name="clearJS" time="0.636" classname="others.clearTableData"/>
</testsuite> <!-- others.clearTableData -->
