<?xml version="1.0" encoding="UTF-8"?>
<!-- Generated by org.testng.reporters.JUnitReportReporter -->
<testsuite name="z_sandbox.testReport1" tests="1" time="11.653" ignored="0" failures="0" timestamp="23 Mar 2018 21:44:57 GMT" skipped="0" hostname="QCAutomationTest111" errors="0">
  <testcase name="test" time="11.653" classname="z_sandbox.testReport1"/>
</testsuite> <!-- z_sandbox.testReport1 -->
