<?xml version="1.0" encoding="UTF-8"?>
<!-- Generated by org.testng.reporters.JUnitReportReporter -->
<testsuite name="logControl.LC004_ProductDetail_Listing" tests="1" time="103.290" ignored="0" failures="0" timestamp="10 Nov 2017 00:03:56 GMT" skipped="0" hostname="QCAutomationTest111" errors="0">
  <testcase name="LC004_TC001_ProductDetailInProductList" time="103.290" classname="logControl.LC004_ProductDetail_Listing"/>
</testsuite> <!-- logControl.LC004_ProductDetail_Listing -->
