<?xml version="1.0" encoding="UTF-8"?>
<!-- Generated by org.testng.reporters.JUnitReportReporter -->
<testsuite name="order.createOrder.CreateOrderFromProductList_UseSenpoint_COD" tests="1" time="110.594" ignored="0" failures="0" timestamp="22 Nov 2018 12:47:43 GMT" skipped="0" hostname="NamTH2-PC2" errors="0">
  <testcase name="CO010_VerifyInfoWhenOrderFromProductList_UseSenpoint_COD" time="110.594" classname="order.createOrder.CreateOrderFromProductList_UseSenpoint_COD"/>
</testsuite> <!-- order.createOrder.CreateOrderFromProductList_UseSenpoint_COD -->
