<?xml version="1.0" encoding="UTF-8"?>
<!-- Generated by org.testng.reporters.JUnitReportReporter -->
<testsuite name="productAttribute.PA01_ValidateProductAttributeFromShop_NotLogin" tests="2" time="49.990" ignored="0" failures="0" timestamp="06 Feb 2018 04:39:49 GMT" skipped="0" hostname="NamTH2-PC2" errors="1">
  <testcase name="afterSuite" time="0.000" classname="productAttribute.PA01_ValidateProductAttributeFromShop_NotLogin">
    <error type="java.lang.NullPointerException">
      <![CDATA[java.lang.NullPointerException
	at automationLibrary.actions.ActionGenWeb.writeJSONFile(ActionGenWeb.java:778)
	at ShoppingFlow.initiations.TestBase.afterSuite(TestBase.java:250)
	at sun.reflect.NativeMethodAccessorImpl.invoke0(Native Method)
	at sun.reflect.NativeMethodAccessorImpl.invoke(Unknown Source)
	at sun.reflect.DelegatingMethodAccessorImpl.invoke(Unknown Source)
	at java.lang.reflect.Method.invoke(Unknown Source)
	at org.testng.internal.MethodInvocationHelper.invokeMethod(MethodInvocationHelper.java:104)
	at org.testng.internal.Invoker.invokeConfigurationMethod(Invoker.java:515)
	at org.testng.internal.Invoker.invokeConfigurations(Invoker.java:217)
	at org.testng.internal.Invoker.invokeConfigurations(Invoker.java:144)
	at org.testng.SuiteRunner.privateRun(SuiteRunner.java:357)
	at org.testng.SuiteRunner.run(SuiteRunner.java:289)
	at org.testng.SuiteRunnerWorker.runSuite(SuiteRunnerWorker.java:52)
	at org.testng.SuiteRunnerWorker.run(SuiteRunnerWorker.java:86)
	at org.testng.TestNG.runSuitesSequentially(TestNG.java:1293)
	at org.testng.TestNG.runSuitesLocally(TestNG.java:1218)
	at org.testng.TestNG.runSuites(TestNG.java:1133)
	at org.testng.TestNG.run(TestNG.java:1104)
	at org.testng.remote.AbstractRemoteTestNG.run(AbstractRemoteTestNG.java:132)
	at org.testng.remote.RemoteTestNG.initAndRun(RemoteTestNG.java:230)
	at org.testng.remote.RemoteTestNG.main(RemoteTestNG.java:76)
]]>
    </error>
  </testcase> <!-- afterSuite -->
  <testcase name="PA01_01_ValidateProductAttributeFromShop_NotLogin" time="49.990" classname="productAttribute.PA01_ValidateProductAttributeFromShop_NotLogin"/>
</testsuite> <!-- productAttribute.PA01_ValidateProductAttributeFromShop_NotLogin -->
