<?xml version="1.0" encoding="UTF-8"?>
<!-- Generated by org.testng.reporters.JUnitReportReporter -->
<testsuite name="checkout.ValidateCheckout_NotLogin" tests="1" time="97.975" ignored="0" failures="0" timestamp="12 Dec 2017 17:40:38 GMT" skipped="0" hostname="QCAutomationTest111" errors="0">
  <testcase name="ValidateCheckout_notLogin" time="97.975" classname="checkout.ValidateCheckout_NotLogin"/>
</testsuite> <!-- checkout.ValidateCheckout_NotLogin -->
