<?xml version="1.0" encoding="UTF-8"?>
<!-- Generated by org.testng.reporters.JUnitReportReporter -->
<testsuite name="PWA.PWA_SiteComparision" tests="1" time="3530.469" ignored="0" failures="0" timestamp="16 May 2018 00:39:06 GMT" skipped="0" hostname="QCAutomationTest111" errors="0">
  <testcase name="PWA_SiteCompare" time="3530.469" classname="PWA.PWA_SiteComparision"/>
</testsuite> <!-- PWA.PWA_SiteComparision -->
