<?xml version="1.0" encoding="UTF-8"?>
<!-- Generated by org.testng.reporters.JUnitReportReporter -->
<testsuite name="PWA.UpdateLighthouse" tests="1" time="54.576" ignored="0" failures="0" timestamp="15 May 2018 21:05:15 GMT" skipped="0" hostname="QCAutomationTest111" errors="0">
  <testcase name="updateLighthouse" time="54.576" classname="PWA.UpdateLighthouse"/>
</testsuite> <!-- PWA.UpdateLighthouse -->
