<?xml version="1.0" encoding="UTF-8"?>
<!-- Generated by org.testng.reporters.JUnitReportReporter -->
<testsuite name="favorite.RemoveFavorite_ListPage" tests="1" time="215.039" ignored="0" failures="0" timestamp="31 Oct 2017 00:00:44 GMT" skipped="0" hostname="QCAutomationTest111" errors="0">
  <testcase name="C005_RemoveFavorite_ListPage" time="215.039" classname="favorite.RemoveFavorite_ListPage"/>
</testsuite> <!-- favorite.RemoveFavorite_ListPage -->
