<?xml version="1.0" encoding="UTF-8"?>
<!-- Generated by org.testng.reporters.JUnitReportReporter -->
<testsuite name="delivery.ValidateChooseDelivery_Checkout_NotLogin" tests="1" time="108.735" ignored="0" failures="0" timestamp="02 Feb 2018 23:18:12 GMT" skipped="0" hostname="QCAutomationTest111" errors="0">
  <testcase name="ValidateChooseDelivery_CheckoutNotLogin" time="108.735" classname="delivery.ValidateChooseDelivery_Checkout_NotLogin"/>
</testsuite> <!-- delivery.ValidateChooseDelivery_Checkout_NotLogin -->
