<?xml version="1.0" encoding="UTF-8"?>
<!-- Generated by org.testng.reporters.JUnitReportReporter -->
<testsuite name="cart.AddingProductToCart_MultipleShop_Login" tests="1" time="85.732" ignored="0" failures="0" timestamp="01 Aug 2018 02:35:15 GMT" skipped="0" hostname="NamTH2-PC2" errors="0">
  <testcase name="C001_VerifyWhenAddingProductToCart_MultipleShop_Login" time="85.732" classname="cart.AddingProductToCart_MultipleShop_Login"/>
</testsuite> <!-- cart.AddingProductToCart_MultipleShop_Login -->
