<?xml version="1.0" encoding="UTF-8"?>
<!-- Generated by org.testng.reporters.JUnitReportReporter -->
<testsuite name="productDetail.FilterProduct" tests="1" time="56.771" ignored="0" failures="0" timestamp="31 Aug 2017 09:14:21 GMT" skipped="0" hostname="NamTH2-PC2" errors="0">
  <testcase name="CO001_FilterProduct" time="56.771" classname="productDetail.FilterProduct"/>
</testsuite> <!-- productDetail.FilterProduct -->
