<?xml version="1.0" encoding="UTF-8"?>
<!-- Generated by org.testng.reporters.JUnitReportReporter -->
<testsuite name="CRUDProduct.ValidateProductStatus" tests="1" time="89.373" ignored="0" failures="0" timestamp="27 Jul 2018 15:59:25 GMT" skipped="0" hostname="QCAutomationTest111" errors="0">
  <testcase name="TC001_CheckProductStatus" time="89.373" classname="CRUDProduct.ValidateProductStatus"/>
</testsuite> <!-- CRUDProduct.ValidateProductStatus -->
