<?xml version="1.0" encoding="UTF-8"?>
<!-- Generated by org.testng.reporters.JUnitReportReporter -->
<testsuite skipped="0" hostname="NamTH2-PC2" name="checkout.CheckErrorMessageAndPaymentStatus_NewAccount" tests="1" failures="0" timestamp="21 Jun 2017 03:30:53 GMT" time="126.911" errors="0">
  <testcase name="VerifyErrorMessageAndPaymentStatus_NewAccount" time="126.911" classname="checkout.CheckErrorMessageAndPaymentStatus_NewAccount"/>
</testsuite> <!-- checkout.CheckErrorMessageAndPaymentStatus_NewAccount -->
