<?xml version="1.0" encoding="UTF-8"?>
<!-- Generated by org.testng.reporters.JUnitReportReporter -->
<testsuite name="order.createOrder.CreateOrderFromProductList_Login_COD" tests="1" time="103.936" ignored="0" failures="0" timestamp="22 Nov 2018 12:51:34 GMT" skipped="0" hostname="NamTH2-PC2" errors="0">
  <testcase name="CO005_VerifyInfoWhenOrderFromProductList_Login_COD" time="103.936" classname="order.createOrder.CreateOrderFromProductList_Login_COD"/>
</testsuite> <!-- order.createOrder.CreateOrderFromProductList_Login_COD -->
