<?xml version="1.0" encoding="UTF-8"?>
<!-- Generated by org.testng.reporters.JUnitReportReporter -->
<testsuite name="checkout.CheckErrorMessageAndPaymentStatus_DeleteAndAddNewAddress" tests="1" time="164.876" ignored="0" failures="0" timestamp="01 Sep 2017 11:13:35 GMT" skipped="0" hostname="NamTH2-PC2" errors="0">
  <testcase name="VerifyErrorMessageAndPaymentStatus_DeleteAndAddNewAddress" time="164.876" classname="checkout.CheckErrorMessageAndPaymentStatus_DeleteAndAddNewAddress"/>
</testsuite> <!-- checkout.CheckErrorMessageAndPaymentStatus_DeleteAndAddNewAddress -->
