<?xml version="1.0" encoding="UTF-8"?>
<!-- Generated by org.testng.reporters.JUnitReportReporter -->
<testsuite name="checkInfo.CheckShopInfo" tests="1" time="6.892" ignored="0" failures="0" timestamp="08 Sep 2017 00:38:05 GMT" skipped="0" hostname="QCAutomationTest111" errors="0">
  <testcase name="checkShopInfo" time="6.892" classname="checkInfo.CheckShopInfo"/>
</testsuite> <!-- checkInfo.CheckShopInfo -->
