<?xml version="1.0" encoding="UTF-8"?>
<!-- Generated by org.testng.reporters.JUnitReportReporter -->
<testsuite name="others.getPageSpeedScore_Comparision" tests="1" time="922.641" ignored="0" failures="0" timestamp="30 Oct 2017 23:21:16 GMT" skipped="0" hostname="QCAutomationTest111" errors="0">
  <testcase name="getPageSpeedScoreComparision" time="922.641" classname="others.getPageSpeedScore_Comparision"/>
</testsuite> <!-- others.getPageSpeedScore_Comparision -->
