<?xml version="1.0" encoding="UTF-8"?>
<!-- Generated by org.testng.reporters.JUnitReportReporter -->
<testsuite name="z_sandbox.abc" tests="1" time="0.215" ignored="0" failures="0" timestamp="07 Feb 2018 03:42:18 GMT" skipped="0" hostname="NamTH2-PC2" errors="0">
  <testcase name="ab" time="0.215" classname="z_sandbox.abc"/>
</testsuite> <!-- z_sandbox.abc -->
