<?xml version="1.0" encoding="UTF-8"?>
<!-- Generated by org.testng.reporters.JUnitReportReporter -->
<testsuite name="productDetail.ProductAction_Seller" tests="1" time="164.553" ignored="0" failures="0" timestamp="31 Aug 2017 09:54:48 GMT" skipped="0" hostname="NamTH2-PC2" errors="0">
  <testcase name="CO003_ProductAction" time="164.553" classname="productDetail.ProductAction_Seller"/>
</testsuite> <!-- productDetail.ProductAction_Seller -->
