<?xml version="1.0" encoding="UTF-8"?>
<!-- Generated by org.testng.reporters.JUnitReportReporter -->
<testsuite name="logControl.LC003_Sorting" tests="3" time="222.804" ignored="0" failures="0" timestamp="14 Nov 2017 01:03:09 GMT" skipped="0" hostname="QCAutomationTest111" errors="0">
  <testcase name="LC003_TC003_Sorting_SearchPage" time="85.053" classname="logControl.LC003_Sorting"/>
  <testcase name="LC003_TC001_SortingCate2" time="67.579" classname="logControl.LC003_Sorting"/>
  <testcase name="LC003_TC002_SortingCate3" time="70.172" classname="logControl.LC003_Sorting"/>
</testsuite> <!-- logControl.LC003_Sorting -->
