<?xml version="1.0" encoding="UTF-8"?>
<!-- Generated by org.testng.reporters.JUnitReportReporter -->
<testsuite name="cateStatus.checkCateStatusPWA" tests="1" time="1595.775" ignored="0" failures="0" timestamp="26 Jul 2018 19:19:16 GMT" skipped="0" hostname="QCAutomationTest111" errors="0">
  <testcase name="checkCate" time="1595.775" classname="cateStatus.checkCateStatusPWA"/>
</testsuite> <!-- cateStatus.checkCateStatusPWA -->
