<?xml version="1.0" encoding="UTF-8"?>
<!-- Generated by org.testng.reporters.JUnitReportReporter -->
<testsuite name="productAttribute.PA03_ValidateProductAttributeFromShop_Login" tests="1" time="69.319" ignored="0" failures="0" timestamp="06 Feb 2018 08:35:58 GMT" skipped="0" hostname="NamTH2-PC2" errors="0">
  <testcase name="PA03_01_ValidateProductAttributeFromShop_Login" time="69.319" classname="productAttribute.PA03_ValidateProductAttributeFromShop_Login"/>
</testsuite> <!-- productAttribute.PA03_ValidateProductAttributeFromShop_Login -->
