<?xml version="1.0" encoding="UTF-8"?>
<!-- Generated by org.testng.reporters.JUnitReportReporter -->
<testsuite name="logControl.LC007_Register" tests="2" time="158.025" ignored="0" failures="0" timestamp="10 Nov 2017 00:14:10 GMT" skipped="0" hostname="QCAutomationTest111" errors="0">
  <testcase name="LC007_TC002_RegisterHavingSession" time="108.622" classname="logControl.LC007_Register"/>
  <testcase name="LC007_TC001_RegisterNotHavingSession" time="49.403" classname="logControl.LC007_Register"/>
</testsuite> <!-- logControl.LC007_Register -->
