<?xml version="1.0" encoding="UTF-8"?>
<!-- Generated by org.testng.reporters.JUnitReportReporter -->
<testsuite name="SEOKeyword.checkSEOKeywordFull" tests="1" time="62.497" ignored="0" failures="0" timestamp="18 Dec 2017 18:32:08 GMT" skipped="0" hostname="QCAutomationTest111" errors="0">
  <testcase name="checkFullSeoKeyword" time="62.497" classname="SEOKeyword.checkSEOKeywordFull"/>
</testsuite> <!-- SEOKeyword.checkSEOKeywordFull -->
