<?xml version="1.0" encoding="UTF-8"?>
<!-- Generated by org.testng.reporters.JUnitReportReporter -->
<testsuite name="logControl.LC002_ProductListing" tests="3" time="168.760" ignored="0" failures="0" timestamp="10 Nov 2017 22:53:38 GMT" skipped="0" hostname="QCAutomationTest111" errors="0">
  <testcase name="LC002_TC001_AccessCatelv1" time="28.749" classname="logControl.LC002_ProductListing"/>
  <testcase name="LC002_TC003_AccessCatelv3" time="55.377" classname="logControl.LC002_ProductListing"/>
  <testcase name="LC002_TC002_AccessCatelv2" time="84.634" classname="logControl.LC002_ProductListing"/>
</testsuite> <!-- logControl.LC002_ProductListing -->
