<?xml version="1.0" encoding="UTF-8"?>
<!-- Generated by org.testng.reporters.JUnitReportReporter -->
<testsuite name="z_sandbox.NewTest" tests="1" time="27.405" ignored="0" failures="0" timestamp="01 Oct 2018 10:52:08 GMT" skipped="0" hostname="NamTH2-PC2" errors="0">
  <testcase name="test" time="27.405" classname="z_sandbox.NewTest"/>
</testsuite> <!-- z_sandbox.NewTest -->
