<?xml version="1.0" encoding="UTF-8"?>
<!-- Generated by org.testng.reporters.JUnitReportReporter -->
<testsuite name="PWA.PWA_SiteOverallCheck" tests="1" time="50.574" ignored="0" failures="0" timestamp="05 Jul 2018 16:58:42 GMT" skipped="0" hostname="QCAutomationTest111" errors="0">
  <testcase name="PWA_SiteOverall" time="50.574" classname="PWA.PWA_SiteOverallCheck"/>
</testsuite> <!-- PWA.PWA_SiteOverallCheck -->
