<?xml version="1.0" encoding="UTF-8"?>
<!-- Generated by org.testng.reporters.JUnitReportReporter -->
<testsuite name="order.createOrder.CreateOrderFromProductList_COD_ConfirmStock" tests="1" time="204.490" ignored="0" failures="0" timestamp="08 Jun 2018 18:45:22 GMT" skipped="0" hostname="QCAutomationTest111" errors="0">
  <testcase name="CO001_CreateOrderFromProductList_COD_ConfirmStock" time="204.490" classname="order.createOrder.CreateOrderFromProductList_COD_ConfirmStock"/>
</testsuite> <!-- order.createOrder.CreateOrderFromProductList_COD_ConfirmStock -->
