<?xml version="1.0" encoding="UTF-8"?>
<!-- Generated by org.testng.reporters.JUnitReportReporter -->
<testsuite name="others.clearJSDB" tests="1" time="1.019" ignored="0" failures="0" timestamp="07 Nov 2017 16:04:48 GMT" skipped="0" hostname="QCAutomationTest111" errors="0">
  <testcase name="clearJSDatabase" time="1.019" classname="others.clearJSDB"/>
</testsuite> <!-- others.clearJSDB -->
