<?xml version="1.0" encoding="UTF-8"?>
<!-- Generated by org.testng.reporters.JUnitReportReporter -->
<testsuite name="productAttribute.PA04_ValidateProductAttributeFromProductList_Login" tests="1" time="63.681" ignored="0" failures="0" timestamp="06 Feb 2018 08:37:07 GMT" skipped="0" hostname="NamTH2-PC2" errors="0">
  <testcase name="PA04_01_ValidateProductAttributeFromProductList_Login" time="63.681" classname="productAttribute.PA04_ValidateProductAttributeFromProductList_Login"/>
</testsuite> <!-- productAttribute.PA04_ValidateProductAttributeFromProductList_Login -->
