<?xml version="1.0" encoding="UTF-8"?>
<!-- Generated by org.testng.reporters.JUnitReportReporter -->
<testsuite name="checkout.ValidateCheckout_Login" tests="1" time="93.834" ignored="0" failures="0" timestamp="22 Oct 2018 07:40:33 GMT" skipped="0" hostname="NamTH2-PC2" errors="0">
  <testcase name="ValidateCheckout_login" time="93.834" classname="checkout.ValidateCheckout_Login"/>
</testsuite> <!-- checkout.ValidateCheckout_Login -->
