<?xml version="1.0" encoding="UTF-8"?>
<!-- Generated by org.testng.reporters.JUnitReportReporter -->
<testsuite name="order.createOrder.CreateOrderFromShop_Login_COD" tests="1" time="196.174" ignored="0" failures="0" timestamp="04 Oct 2017 22:20:53 GMT" skipped="0" hostname="QCAutomationTest111" errors="0">
  <testcase name="CO001_VerifyInfoWhenOrderFromShop_Login_COD" time="196.174" classname="order.createOrder.CreateOrderFromShop_Login_COD"/>
</testsuite> <!-- order.createOrder.CreateOrderFromShop_Login_COD -->
