<?xml version="1.0" encoding="UTF-8"?>
<!-- Generated by org.testng.reporters.JUnitReportReporter -->
<testsuite name="others.copyData" tests="1" time="1.398" ignored="0" failures="0" timestamp="07 Nov 2017 00:51:26 GMT" skipped="0" hostname="QCAutomationTest111" errors="0">
  <testcase name="copyDatabase" time="1.398" classname="others.copyData"/>
</testsuite> <!-- others.copyData -->
