<?xml version="1.0" encoding="UTF-8"?>
<!-- Generated by org.testng.reporters.JUnitReportReporter -->
<testsuite name="order.createOrder.CreateOrderFromProductList_Login_BankTransfer" tests="1" time="175.716" ignored="0" failures="0" timestamp="09 May 2018 01:05:54 GMT" skipped="0" hostname="QCAutomationTest111" errors="0">
  <testcase name="CO011_VerifyInfoWhenOrderFromProductList_Login_BankTransfer" time="175.716" classname="order.createOrder.CreateOrderFromProductList_Login_BankTransfer"/>
</testsuite> <!-- order.createOrder.CreateOrderFromProductList_Login_BankTransfer -->
