<?xml version="1.0" encoding="UTF-8"?>
<!-- Generated by org.testng.reporters.JUnitReportReporter -->
<testsuite name="order.createOrder.CreateOrderFromProductList_Login_ATM" tests="1" time="160.278" ignored="0" failures="0" timestamp="04 Apr 2018 21:19:35 GMT" skipped="0" hostname="QCAutomationTest111" errors="0">
  <testcase name="CO012_VerifyInfoWhenOrderFromProductList_Login_ATM" time="160.278" classname="order.createOrder.CreateOrderFromProductList_Login_ATM"/>
</testsuite> <!-- order.createOrder.CreateOrderFromProductList_Login_ATM -->
