<?xml version="1.0" encoding="UTF-8"?>
<!-- Generated by org.testng.reporters.JUnitReportReporter -->
<testsuite ignored="0" hostname="Hungs-MacBook-Pro.local" failures="0" tests="1" name="z_sandbox.NewTest" time="17.559" errors="0" timestamp="21 Feb 2019 05:52:30 GMT" skipped="0">
  <testcase classname="z_sandbox.NewTest" name="test" time="17.559"/>
</testsuite> <!-- z_sandbox.NewTest -->
